16:25:54.736 [main] INFO  testCases.TestCase01 - ********Click KidBookshelves********
16:31:51.191 [main] INFO  testCases.TestCase01 - *********Search BookShelves*********
16:31:54.657 [main] INFO  testCases.TestCase01 - ********Click KidBookshelves********
16:32:27.579 [main] INFO  testCases.TestCase01 - *******Search Price*******
16:33:00.461 [main] INFO  testCases.TestCase01 - ******HightoLow******
16:33:33.354 [main] INFO  testCases.TestCase01 - ************Display Name and Price of the BookShelves**********
16:34:03.929 [main] INFO  testCases.TestCase01 - ***********Display values under living storage************
16:34:07.838 [main] INFO  testCases.TestCase01 - ************click on Gift Cards***********
16:34:50.214 [main] INFO  testCases.TestCase01 - ******click on Birthday or anniversary*******
16:34:50.855 [main] INFO  testCases.TestCase01 - ************Enter values under Gift Cards**************
16:34:52.174 [main] INFO  testCases.TestCase01 - ***********Enter the details***********
16:34:52.200 [main] INFO  testCases.TestCase01 - **************Validate the warning message************
16:36:44.956 [main] INFO  testCases.TestCase01 - *********Search BookShelves*********
16:36:52.652 [main] INFO  testCases.TestCase01 - ********Click KidBookshelves********
16:36:56.151 [main] INFO  testCases.TestCase01 - *******Search Price*******
16:37:01.667 [main] INFO  testCases.TestCase01 - ******HightoLow******
16:37:04.317 [main] INFO  testCases.TestCase01 - ************Display Name and Price of the BookShelves**********
16:37:07.862 [main] INFO  testCases.TestCase01 - ***********Display values under living storage************
16:37:11.722 [main] INFO  testCases.TestCase01 - ************click on Gift Cards***********
16:37:52.194 [main] INFO  testCases.TestCase01 - ******click on Birthday or anniversary*******
16:37:52.899 [main] INFO  testCases.TestCase01 - ************Enter values under Gift Cards**************
16:37:54.765 [main] INFO  testCases.TestCase01 - ***********Enter the details***********
16:38:00.163 [main] INFO  testCases.TestCase01 - **************Validate the warning message************
17:30:29.387 [main] INFO  testCases.TestCase01 - *********Search BookShelves*********
17:30:37.156 [main] INFO  testCases.TestCase01 - ********Click KidBookshelves********
17:30:40.764 [main] INFO  testCases.TestCase01 - *******Search Price*******
17:30:46.432 [main] INFO  testCases.TestCase01 - ******HightoLow******
17:30:49.252 [main] INFO  testCases.TestCase01 - ************Display Name and Price of the BookShelves**********
17:30:59.383 [main] INFO  testCases.TestCase01 - ***********Display values under living storage************
17:31:04.547 [main] INFO  testCases.TestCase01 - ************click on Gift Cards***********
17:32:14.685 [main] INFO  testCases.TestCase01 - ******click on Birthday or anniversary*******
17:32:15.166 [main] INFO  testCases.TestCase01 - ************Enter values under Gift Cards**************
17:32:16.323 [main] INFO  testCases.TestCase01 - ***********Enter the details***********
17:32:20.941 [main] INFO  testCases.TestCase01 - **************Validate the warning message************
